Flow report for CPU
Tue Mar 23 13:35:20 2021
Quartus II Version 9.1 Build 350 03/24/2010 Service Pack 2 SJ Web Edition


---------------------
; Table of Contents ;
---------------------
  1. Legal Notice
  2. Flow Summary
  3. Flow Settings
  4. Flow Non-Default Global Settings
  5. Flow Elapsed Time
  6. Flow OS Summary
  7. Flow Log



----------------
; Legal Notice ;
----------------
Copyright (C) 1991-2010 Altera Corporation
Your use of Altera Corporation's design tools, logic functions 
and other software and tools, and its AMPP partner logic 
functions, and any output files from any of the foregoing 
(including device programming or simulation files), and any 
associated documentation or information are expressly subject 
to the terms and conditions of the Altera Program License 
Subscription Agreement, Altera MegaCore Function License 
Agreement, or other applicable license agreement, including, 
without limitation, that your use is for the sole purpose of 
programming logic devices manufactured by Altera and sold by 
Altera or its authorized distributors.  Please refer to the 
applicable agreement for further details.



+------------------------------------------------------------------------------+
; Flow Summary                                                                 ;
+-------------------------------+----------------------------------------------+
; Flow Status                   ; Successful - Tue Mar 23 13:35:19 2021        ;
; Quartus II Version            ; 9.1 Build 350 03/24/2010 SP 2 SJ Web Edition ;
; Revision Name                 ; CPU                                          ;
; Top-level Entity Name         ; CPU                                          ;
; Family                        ; Stratix II                                   ;
; Met timing requirements       ; No                                           ;
; Logic utilization             ; 4 %                                          ;
;     Combinational ALUTs       ; 469 / 12,480 ( 4 % )                         ;
;     Dedicated logic registers ; 275 / 12,480 ( 2 % )                         ;
; Total registers               ; 275                                          ;
; Total pins                    ; 180 / 343 ( 52 % )                           ;
; Total virtual pins            ; 0                                            ;
; Total block memory bits       ; 8,192 / 419,328 ( 2 % )                      ;
; DSP block 9-bit elements      ; 0 / 96 ( 0 % )                               ;
; Total PLLs                    ; 0 / 6 ( 0 % )                                ;
; Total DLLs                    ; 0 / 2 ( 0 % )                                ;
; Device                        ; EP2S15F484C3                                 ;
; Timing Models                 ; Final                                        ;
+-------------------------------+----------------------------------------------+


+-----------------------------------------+
; Flow Settings                           ;
+-------------------+---------------------+
; Option            ; Setting             ;
+-------------------+---------------------+
; Start date & time ; 03/23/2021 13:35:07 ;
; Main task         ; Compilation         ;
; Revision Name     ; CPU                 ;
+-------------------+---------------------+


+-------------------------------------------------------------------------------------------------------------------+
; Flow Non-Default Global Settings                                                                                  ;
+------------------------------------+-------------------------------+---------------+-------------+----------------+
; Assignment Name                    ; Value                         ; Default Value ; Entity Name ; Section Id     ;
+------------------------------------+-------------------------------+---------------+-------------+----------------+
; COMPILER_SIGNATURE_ID              ; 5334165488790.161651730709240 ; --            ; --          ; --             ;
; PARTITION_COLOR                    ; 16764057                      ; --            ; --          ; Top            ;
; PARTITION_NETLIST_TYPE             ; SOURCE                        ; --            ; --          ; Top            ;
; USE_GENERATED_PHYSICAL_CONSTRAINTS ; Off                           ; --            ; --          ; eda_blast_fpga ;
+------------------------------------+-------------------------------+---------------+-------------+----------------+


+-----------------------------------------------------------------------------------------------------------------------------+
; Flow Elapsed Time                                                                                                           ;
+-------------------------+--------------+-------------------------+---------------------+------------------------------------+
; Module Name             ; Elapsed Time ; Average Processors Used ; Peak Virtual Memory ; Total CPU Time (on all processors) ;
+-------------------------+--------------+-------------------------+---------------------+------------------------------------+
; Analysis & Synthesis    ; 00:00:04     ; 1.0                     ; 261 MB              ; 00:00:05                           ;
; Fitter                  ; 00:00:04     ; 1.0                     ; 264 MB              ; 00:00:04                           ;
; Assembler               ; 00:00:01     ; 1.0                     ; 230 MB              ; 00:00:01                           ;
; Classic Timing Analyzer ; 00:00:00     ; 1.0                     ; 165 MB              ; 00:00:00                           ;
; Total                   ; 00:00:09     ; --                      ; --                  ; 00:00:10                           ;
+-------------------------+--------------+-------------------------+---------------------+------------------------------------+


+------------------------------------------------------------------------------------------+
; Flow OS Summary                                                                          ;
+-------------------------+------------------+---------------+------------+----------------+
; Module Name             ; Machine Hostname ; OS Name       ; OS Version ; Processor type ;
+-------------------------+------------------+---------------+------------+----------------+
; Analysis & Synthesis    ; DESKTOP-O4MDKNK  ; Windows Vista ; 6.2        ; x86_64         ;
; Fitter                  ; DESKTOP-O4MDKNK  ; Windows Vista ; 6.2        ; x86_64         ;
; Assembler               ; DESKTOP-O4MDKNK  ; Windows Vista ; 6.2        ; x86_64         ;
; Classic Timing Analyzer ; DESKTOP-O4MDKNK  ; Windows Vista ; 6.2        ; x86_64         ;
+-------------------------+------------------+---------------+------------+----------------+


------------
; Flow Log ;
------------
quartus_map --read_settings_files=on --write_settings_files=off CPU -c CPU
quartus_fit --read_settings_files=off --write_settings_files=off CPU -c CPU
quartus_asm --read_settings_files=off --write_settings_files=off CPU -c CPU
quartus_tan --read_settings_files=off --write_settings_files=off CPU -c CPU --timing_analysis_only



